d:\sources\ics_214a\release\ics_214a\vc141.pdb
d:\sources\ics_214a\release\ics_214a\about.obj
d:\sources\ics_214a\release\ics_214a\wrapprep.obj
d:\sources\ics_214a\release\ics_214a\utilities.obj
d:\sources\ics_214a\release\ics_214a\stopentrydlg.obj
d:\sources\ics_214a\release\ics_214a\stdafx.obj
d:\sources\ics_214a\release\ics_214a\report.obj
d:\sources\ics_214a\release\ics_214a\optionsdlg.obj
d:\sources\ics_214a\release\ics_214a\options.obj
d:\sources\ics_214a\release\ics_214a\mainframe.obj
d:\sources\ics_214a\release\ics_214a\ics_214aview.obj
d:\sources\ics_214a\release\ics_214a\ics_214adoc.obj
d:\sources\ics_214a\release\ics_214a\ics_214a.obj
d:\sources\ics_214a\release\ics_214a\eventlogdlg.obj
d:\sources\ics_214a\release\ics_214a\editentrydlg.obj
d:\sources\ics_214a\release\ics_214a\csvrecord.obj
d:\sources\ics_214a\release\ics_214a\actvtynamedlg.obj
d:\sources\ics_214a\release\ics_214a\activity.obj
d:\sources\ics_214a\release\ics_214a.ipdb
d:\sources\ics_214a\release\ics_214a.iobj
d:\sources\ics_214a\release\ics_214a.exe
d:\sources\ics_214a\release\ics_214a.pdb
d:\sources\ics_214a\release\ics_214a\ics_214a.res
d:\sources\ics_214a\ics_214a\..\release\ics_214a.pdb
d:\sources\ics_214a\ics_214a\..\release\ics_214a.exe
d:\sources\ics_214a\release\ics_214a\ics_214a.tlog\cl.command.1.tlog
d:\sources\ics_214a\release\ics_214a\ics_214a.tlog\cl.read.1.tlog
d:\sources\ics_214a\release\ics_214a\ics_214a.tlog\cl.write.1.tlog
d:\sources\ics_214a\release\ics_214a\ics_214a.tlog\ics_214a.write.1u.tlog
d:\sources\ics_214a\release\ics_214a\ics_214a.tlog\link.command.1.tlog
d:\sources\ics_214a\release\ics_214a\ics_214a.tlog\link.read.1.tlog
d:\sources\ics_214a\release\ics_214a\ics_214a.tlog\link.write.1.tlog
d:\sources\ics_214a\release\ics_214a\ics_214a.tlog\rc.command.1.tlog
d:\sources\ics_214a\release\ics_214a\ics_214a.tlog\rc.read.1.tlog
d:\sources\ics_214a\release\ics_214a\ics_214a.tlog\rc.write.1.tlog
